GROUP,PACKAGE,CLASS,INSTRUCTION_MISSED,INSTRUCTION_COVERED,BRANCH_MISSED,BRANCH_COVERED,LINE_MISSED,LINE_COVERED,COMPLEXITY_MISSED,COMPLEXITY_COVERED,METHOD_MISSED,METHOD_COVERED
Dependency-Check Build-Reporting/dependency-check-utils,org.owasp.dependencycheck.utils,DownloadFailedException,16,0,0,0,8,0,4,0,4,0
Dependency-Check Build-Reporting/dependency-check-utils,org.owasp.dependencycheck.utils,Downloader,603,212,55,21,92,59,37,10,1,8
Dependency-Check Build-Reporting/dependency-check-utils,org.owasp.dependencycheck.utils,InvalidSettingException,16,0,0,0,8,0,4,0,4,0
Dependency-Check Build-Reporting/dependency-check-utils,org.owasp.dependencycheck.utils,SSLSocketFactoryEx,165,139,5,9,36,33,14,9,11,5
Dependency-Check Build-Reporting/dependency-check-utils,org.owasp.dependencycheck.utils,URLConnectionFactory,190,92,39,5,40,30,21,7,1,5
Dependency-Check Build-Reporting/dependency-check-utils,org.owasp.dependencycheck.utils,FileUtils,43,61,8,8,11,15,9,7,2,6
Dependency-Check Build-Reporting/dependency-check-utils,org.owasp.dependencycheck.utils,URLConnectionFactory.new Authenticator() {...},58,0,6,0,10,0,5,0,2,0
Dependency-Check Build-Reporting/dependency-check-utils,org.owasp.dependencycheck.utils,URLConnectionFailureException,16,0,0,0,8,0,4,0,4,0
Dependency-Check Build-Reporting/dependency-check-utils,org.owasp.dependencycheck.utils,Settings,387,454,55,47,50,113,48,37,8,26
Dependency-Check Build-Reporting/dependency-check-utils,org.owasp.dependencycheck.utils,Checksum,125,130,14,10,20,25,16,7,6,5
Dependency-Check Build-Reporting/dependency-check-utils,org.owasp.dependencycheck.utils,XmlUtils,79,103,20,4,11,28,16,4,2,4
Dependency-Check Build-Reporting/dependency-check-utils,org.owasp.dependencycheck.utils,ExpectedObjectInputStream,32,0,2,0,7,0,3,0,2,0
Dependency-Check Build-Reporting/dependency-check-utils,org.owasp.dependencycheck.utils,ExtractionException,16,0,0,0,8,0,4,0,4,0
Dependency-Check Build-Reporting/dependency-check-utils,org.owasp.dependencycheck.utils,Settings.KEYS,3,0,0,0,2,0,1,0,1,0
Dependency-Check Build-Reporting/dependency-check-core,org.owasp.dependencycheck,Engine,375,1001,40,98,92,252,45,73,13,36
Dependency-Check Build-Reporting/dependency-check-core,org.owasp.dependencycheck,Engine.Mode,9,103,0,0,0,10,2,4,2,4
Dependency-Check Build-Reporting/dependency-check-core,org.owasp.dependencycheck,AnalysisTask,52,57,0,4,8,16,0,6,0,4
Dependency-Check Build-Reporting/dependency-check-core,org.owasp.dependencycheck.analyzer,NuspecAnalyzer,42,117,8,4,3,28,6,8,0,8
Dependency-Check Build-Reporting/dependency-check-core,org.owasp.dependencycheck.analyzer,AbstractSuppressionAnalyzer,192,244,36,20,36,57,26,11,3,6
Dependency-Check Build-Reporting/dependency-check-core,org.owasp.dependencycheck.analyzer,OpenSSLAnalyzer,25,177,8,6,3,31,7,10,0,10
Dependency-Check Build-Reporting/dependency-check-core,org.owasp.dependencycheck.analyzer,PythonPackageAnalyzer,245,60,20,0,54,13,19,4,9,4
Dependency-Check Build-Reporting/dependency-check-core,org.owasp.dependencycheck.analyzer,RubyGemspecAnalyzer,290,24,22,0,59,6,19,3,8,3
Dependency-Check Build-Reporting/dependency-check-core,org.owasp.dependencycheck.analyzer,NodePackageAnalyzer,240,21,26,0,48,5,19,3,6,3
Dependency-Check Build-Reporting/dependency-check-core,org.owasp.dependencycheck.analyzer,DependencyMergingAnalyzer,191,72,45,11,37,17,29,10,1,10
Dependency-Check Build-Reporting/dependency-check-core,org.owasp.dependencycheck.analyzer,AbstractFileTypeAnalyzer,6,59,1,7,1,20,1,9,0,6
Dependency-Check Build-Reporting/dependency-check-core,org.owasp.dependencycheck.analyzer,CMakeAnalyzer,222,34,10,0,56,6,11,3,6,3
Dependency-Check Build-Reporting/dependency-check-core,org.owasp.dependencycheck.analyzer,AssemblyAnalyzer,498,197,67,13,106,44,42,9,2,9
Dependency-Check Build-Reporting/dependency-check-core,org.owasp.dependencycheck.analyzer,VulnerabilitySuppressionAnalyzer,0,12,0,0,0,5,0,5,0,5
Dependency-Check Build-Reporting/dependency-check-core,org.owasp.dependencycheck.analyzer,ComposerLockAnalyzer,196,19,14,0,34,4,12,3,5,3
Dependency-Check Build-Reporting/dependency-check-core,org.owasp.dependencycheck.analyzer,AnalyzerService,9,86,2,10,3,25,3,8,1,4
Dependency-Check Build-Reporting/dependency-check-core,org.owasp.dependencycheck.analyzer,AbstractAnalyzer,17,66,0,6,4,25,0,15,0,12
Dependency-Check Build-Reporting/dependency-check-core,org.owasp.dependencycheck.analyzer,CocoaPodsAnalyzer,216,21,20,0,49,5,17,3,7,3
Dependency-Check Build-Reporting/dependency-check-core,org.owasp.dependencycheck.analyzer,AnalysisPhase,5,123,0,0,0,12,1,3,1,3
Dependency-Check Build-Reporting/dependency-check-core,org.owasp.dependencycheck.analyzer,CPEAnalyzer,93,974,18,118,32,207,18,69,0,19
Dependency-Check Build-Reporting/dependency-check-core,org.owasp.dependencycheck.analyzer,AutoconfAnalyzer,226,66,34,0,51,9,25,3,8,3
Dependency-Check Build-Reporting/dependency-check-core,org.owasp.dependencycheck.analyzer,VersionFilterAnalyzer,0,249,7,63,0,35,7,34,0,6
Dependency-Check Build-Reporting/dependency-check-core,org.owasp.dependencycheck.analyzer,ArchiveAnalyzer,539,742,83,83,83,156,63,41,0,21
Dependency-Check Build-Reporting/dependency-check-core,org.owasp.dependencycheck.analyzer,NexusAnalyzer,262,56,41,1,58,18,24,9,3,9
Dependency-Check Build-Reporting/dependency-check-core,org.owasp.dependencycheck.analyzer,CentralAnalyzer,136,213,23,21,32,58,16,18,1,11
Dependency-Check Build-Reporting/dependency-check-core,org.owasp.dependencycheck.analyzer,FileNameAnalyzer,0,129,1,7,0,19,1,9,0,6
Dependency-Check Build-Reporting/dependency-check-core,org.owasp.dependencycheck.analyzer,JarAnalyzer,613,2398,158,298,68,432,132,125,1,28
Dependency-Check Build-Reporting/dependency-check-core,org.owasp.dependencycheck.analyzer,NspAnalyzer,226,467,31,29,40,86,26,15,1,10
Dependency-Check Build-Reporting/dependency-check-core,org.owasp.dependencycheck.analyzer,RubyBundleAuditAnalyzer,845,130,103,5,179,34,61,8,7,8
Dependency-Check Build-Reporting/dependency-check-core,org.owasp.dependencycheck.analyzer,AbstractDependencyComparingAnalyzer,3,84,0,14,1,21,1,11,1,4
Dependency-Check Build-Reporting/dependency-check-core,org.owasp.dependencycheck.analyzer,FalsePositiveAnalyzer,267,837,97,149,38,149,77,62,0,16
Dependency-Check Build-Reporting/dependency-check-core,org.owasp.dependencycheck.analyzer,CPEAnalyzer.IdentifierMatch,123,46,20,0,22,9,16,5,6,5
Dependency-Check Build-Reporting/dependency-check-core,org.owasp.dependencycheck.analyzer,RubyBundlerAnalyzer,138,3,30,0,30,1,18,1,3,1
Dependency-Check Build-Reporting/dependency-check-core,org.owasp.dependencycheck.analyzer,RubyGemspecAnalyzer.new FilenameFilter() {...},10,0,0,0,2,0,2,0,2,0
Dependency-Check Build-Reporting/dependency-check-core,org.owasp.dependencycheck.analyzer,SwiftPackageManagerAnalyzer,127,22,16,0,35,5,15,3,7,3
Dependency-Check Build-Reporting/dependency-check-core,org.owasp.dependencycheck.analyzer,HintAnalyzer,269,365,39,49,58,79,22,32,0,10
Dependency-Check Build-Reporting/dependency-check-core,org.owasp.dependencycheck.analyzer,NvdCveAnalyzer,12,69,1,7,4,20,1,8,0,5
Dependency-Check Build-Reporting/dependency-check-core,org.owasp.dependencycheck.analyzer,CpeSuppressionAnalyzer,0,12,0,0,0,5,0,5,0,5
Dependency-Check Build-Reporting/dependency-check-core,org.owasp.dependencycheck.analyzer,PythonDistributionAnalyzer,435,91,64,0,94,13,44,3,12,3
Dependency-Check Build-Reporting/dependency-check-core,org.owasp.dependencycheck.analyzer,RubyBundlerAnalyzer.new FilenameFilter() {...},14,0,0,0,2,0,2,0,2,0
Dependency-Check Build-Reporting/dependency-check-core,org.owasp.dependencycheck.analyzer,CPEAnalyzer.IdentifierConfidence,9,39,0,0,0,4,2,2,2,2
Dependency-Check Build-Reporting/dependency-check-core,org.owasp.dependencycheck.analyzer,JarAnalyzer.ClassNameInformation,7,71,0,8,3,17,2,6,2,2
Dependency-Check Build-Reporting/dependency-check-core,org.owasp.dependencycheck.analyzer,DependencyBundlingAnalyzer,183,543,72,100,41,102,60,44,3,15
Dependency-Check Build-Reporting/dependency-check-core,org.owasp.dependencycheck.data.nuget,NugetPackage,148,42,30,0,15,18,18,12,3,12
Dependency-Check Build-Reporting/dependency-check-core,org.owasp.dependencycheck.data.nuget,XPathNuspecParser,12,97,4,6,3,16,4,4,0,3
Dependency-Check Build-Reporting/dependency-check-core,org.owasp.dependencycheck.data.nuget,NuspecParseException,12,0,0,0,6,0,3,0,3,0
Dependency-Check Build-Reporting/dependency-check-core,org.owasp.dependencycheck.exception,ScanAgentException,16,0,0,0,8,0,4,0,4,0
Dependency-Check Build-Reporting/dependency-check-core,org.owasp.dependencycheck.exception,InitializationException,24,22,0,0,8,7,4,3,4,3
Dependency-Check Build-Reporting/dependency-check-core,org.owasp.dependencycheck.exception,DependencyNotFoundException,16,0,0,0,8,0,4,0,4,0
Dependency-Check Build-Reporting/dependency-check-core,org.owasp.dependencycheck.exception,H2DBLockException,16,0,0,0,8,0,4,0,4,0
Dependency-Check Build-Reporting/dependency-check-core,org.owasp.dependencycheck.exception,NoDataException,16,0,0,0,8,0,4,0,4,0
Dependency-Check Build-Reporting/dependency-check-core,org.owasp.dependencycheck.exception,ReportException,16,0,0,0,8,0,4,0,4,0
Dependency-Check Build-Reporting/dependency-check-core,org.owasp.dependencycheck.exception,ExceptionCollection,131,79,4,6,39,21,13,7,10,5
Dependency-Check Build-Reporting/dependency-check-core,org.owasp.dependencycheck.data.nvdcve,DriverShim,112,22,14,0,25,5,16,3,9,3
Dependency-Check Build-Reporting/dependency-check-core,org.owasp.dependencycheck.data.nvdcve,DatabaseProperties,16,127,3,9,4,29,3,12,0,9
Dependency-Check Build-Reporting/dependency-check-core,org.owasp.dependencycheck.data.nvdcve,DriverLoader,169,33,10,0,32,11,7,4,2,4
Dependency-Check Build-Reporting/dependency-check-core,org.owasp.dependencycheck.data.nvdcve,CveDB,424,1332,30,132,95,336,29,81,2,27
Dependency-Check Build-Reporting/dependency-check-core,org.owasp.dependencycheck.data.nvdcve,CorruptDatabaseException,9,0,0,0,4,0,2,0,2,0
Dependency-Check Build-Reporting/dependency-check-core,org.owasp.dependencycheck.data.nvdcve,CveDB.PreparedStatementCveDb,5,233,0,0,0,23,1,3,1,3
Dependency-Check Build-Reporting/dependency-check-core,org.owasp.dependencycheck.data.nvdcve,DriverLoadException,13,0,0,0,6,0,3,0,3,0
Dependency-Check Build-Reporting/dependency-check-core,org.owasp.dependencycheck.data.nvdcve,DatabaseException,13,0,0,0,6,0,3,0,3,0
Dependency-Check Build-Reporting/dependency-check-core,org.owasp.dependencycheck.data.nvdcve,DriverLoader.new PrivilegedAction() {...},23,0,0,0,2,0,2,0,2,0
Dependency-Check Build-Reporting/dependency-check-core,org.owasp.dependencycheck.data.nvdcve,ConnectionFactory,358,369,29,21,71,116,23,15,1,12
Dependency-Check Build-Reporting/dependency-check-core,org.owasp.dependencycheck.xml.suppression,SuppressionErrorHandler,11,13,0,0,3,3,2,3,2,3
Dependency-Check Build-Reporting/dependency-check-core,org.owasp.dependencycheck.xml.suppression,SuppressionParseException,8,8,0,0,4,4,2,2,2,2
Dependency-Check Build-Reporting/dependency-check-core,org.owasp.dependencycheck.xml.suppression,PropertyType,118,56,23,5,19,19,16,9,3,8
Dependency-Check Build-Reporting/dependency-check-core,org.owasp.dependencycheck.xml.suppression,SuppressionParser,124,162,21,13,11,24,17,5,0,5
Dependency-Check Build-Reporting/dependency-check-core,org.owasp.dependencycheck.xml.suppression,SuppressionHandler,35,201,19,33,6,41,17,23,0,6
Dependency-Check Build-Reporting/dependency-check-core,org.owasp.dependencycheck.xml.suppression,SuppressionRule,321,377,53,69,73,95,51,45,18,17
Dependency-Check Build-Reporting/dependency-check-core,org.owasp.dependencycheck.data.cpe,IndexEntry,107,70,25,7,19,16,20,9,5,8
Dependency-Check Build-Reporting/dependency-check-core,org.owasp.dependencycheck.data.cpe,CpeMemoryIndex,111,272,23,17,13,63,19,13,2,10
Dependency-Check Build-Reporting/dependency-check-core,org.owasp.dependencycheck.data.cpe,IndexException,16,0,0,0,8,0,4,0,4,0
Dependency-Check Build-Reporting/dependency-check-core,org.owasp.dependencycheck.data.cpe,Fields,3,0,0,0,2,0,1,0,1,0
Dependency-Check Build-Reporting/dependency-check-core,org.owasp.dependencycheck.xml.pom,PomParseException,16,0,0,0,8,0,4,0,4,0
Dependency-Check Build-Reporting/dependency-check-core,org.owasp.dependencycheck.xml.pom,PomHandler,0,312,20,64,0,52,20,38,0,5
Dependency-Check Build-Reporting/dependency-check-core,org.owasp.dependencycheck.xml.pom,Model,12,187,1,5,2,56,1,29,0,27
Dependency-Check Build-Reporting/dependency-check-core,org.owasp.dependencycheck.xml.pom,PomParser,69,75,6,4,8,17,4,5,0,4
Dependency-Check Build-Reporting/dependency-check-core,org.owasp.dependencycheck.xml.pom,License,102,17,20,0,17,8,14,5,4,5
Dependency-Check Build-Reporting/dependency-check-core,org.owasp.dependencycheck.xml.pom,PomUtils,140,25,5,1,36,8,5,3,2,3
Dependency-Check Build-Reporting/dependency-check-core,org.owasp.dependencycheck.xml.pom,Model.PropertyLookup,11,0,0,0,4,0,2,0,2,0
Dependency-Check Build-Reporting/dependency-check-core,org.owasp.dependencycheck.data.update.nvd,NvdCve20Handler.Element,3,82,0,0,1,18,1,17,1,17
Dependency-Check Build-Reporting/dependency-check-core,org.owasp.dependencycheck.data.update.nvd,DownloadTask,165,223,37,17,23,41,28,8,1,8
Dependency-Check Build-Reporting/dependency-check-core,org.owasp.dependencycheck.data.update.nvd,NvdCve12Handler.Element,8,27,0,0,2,7,2,6,2,6
Dependency-Check Build-Reporting/dependency-check-core,org.owasp.dependencycheck.data.update.nvd,NvdCve12Handler,15,236,4,30,1,50,4,17,0,4
Dependency-Check Build-Reporting/dependency-check-core,org.owasp.dependencycheck.data.update.nvd,NvdCveInfo,0,41,0,0,0,17,0,11,0,11
Dependency-Check Build-Reporting/dependency-check-core,org.owasp.dependencycheck.data.update.nvd,NvdCve20Handler.AttributeValues,3,0,0,0,1,0,1,0,1,0
Dependency-Check Build-Reporting/dependency-check-core,org.owasp.dependencycheck.data.update.nvd,ProcessTask,32,106,0,0,6,31,1,6,1,6
Dependency-Check Build-Reporting/dependency-check-core,org.owasp.dependencycheck.data.update.nvd,UpdateableNvdCve,21,90,1,3,5,23,4,10,3,9
Dependency-Check Build-Reporting/dependency-check-core,org.owasp.dependencycheck.data.update.nvd,NvdCve20Handler,37,501,6,80,9,111,8,45,2,8
Dependency-Check Build-Reporting/dependency-check-core,org.owasp.dependencycheck.utils,DependencyVersionUtil,17,99,5,19,4,31,5,11,1,3
Dependency-Check Build-Reporting/dependency-check-core,org.owasp.dependencycheck.utils,ExtractionUtil,733,84,110,10,88,13,67,2,7,2
Dependency-Check Build-Reporting/dependency-check-core,org.owasp.dependencycheck.utils,Filter.FilterIterator,8,52,2,8,2,17,3,7,1,4
Dependency-Check Build-Reporting/dependency-check-core,org.owasp.dependencycheck.utils,DateUtil,3,21,0,2,2,2,1,2,1,1
Dependency-Check Build-Reporting/dependency-check-core,org.owasp.dependencycheck.utils,UrlStringUtils,125,63,18,0,24,6,12,2,3,2
Dependency-Check Build-Reporting/dependency-check-core,org.owasp.dependencycheck.utils,H2DBLock,180,310,39,31,28,61,30,11,1,5
Dependency-Check Build-Reporting/dependency-check-core,org.owasp.dependencycheck.utils,Filter.new Iterable() {...},0,16,0,0,0,2,0,2,0,2
Dependency-Check Build-Reporting/dependency-check-core,org.owasp.dependencycheck.utils,DBUtils,31,41,4,6,9,17,5,5,1,4
Dependency-Check Build-Reporting/dependency-check-core,org.owasp.dependencycheck.utils,DependencyVersion,37,331,11,59,12,78,11,35,2,9
Dependency-Check Build-Reporting/dependency-check-core,org.owasp.dependencycheck.utils,FileFilterBuilder,9,132,3,13,1,24,2,13,0,7
Dependency-Check Build-Reporting/dependency-check-core,org.owasp.dependencycheck.utils,Filter,0,16,0,0,0,4,0,3,0,3
Dependency-Check Build-Reporting/dependency-check-core,org.owasp.dependencycheck.utils,Pair,67,49,18,2,14,12,14,4,4,4
Dependency-Check Build-Reporting/dependency-check-core,org.owasp.dependencycheck.data.update.exception,InvalidDataException,9,0,0,0,4,0,2,0,2,0
Dependency-Check Build-Reporting/dependency-check-core,org.owasp.dependencycheck.data.update.exception,UpdateException,16,0,0,0,8,0,4,0,4,0
Dependency-Check Build-Reporting/dependency-check-core,org.owasp.dependencycheck.data.central,CentralSearch,73,307,6,22,13,67,6,12,0,4
Dependency-Check Build-Reporting/dependency-check-core,org.owasp.dependencycheck.agent,DependencyCheckScanAgent,844,0,46,0,237,0,101,0,78,0
Dependency-Check Build-Reporting/dependency-check-core,org.owasp.dependencycheck.data.nsp,SanitizePackage,8,79,1,5,3,8,2,4,1,2
Dependency-Check Build-Reporting/dependency-check-core,org.owasp.dependencycheck.data.nsp,NspSearch,153,282,27,14,12,57,19,5,0,3
Dependency-Check Build-Reporting/dependency-check-core,org.owasp.dependencycheck.data.nsp,Advisory,35,93,3,1,10,40,9,24,7,24
Dependency-Check Build-Reporting/dependency-check-core,org.owasp.dependencycheck.dependency,Vulnerability,88,261,13,13,20,85,13,44,3,41
Dependency-Check Build-Reporting/dependency-check-core,org.owasp.dependencycheck.dependency,Reference,86,84,25,3,11,16,16,9,2,9
Dependency-Check Build-Reporting/dependency-check-core,org.owasp.dependencycheck.dependency,EvidenceCollection.new Object() {...},6,45,0,0,0,2,0,1,0,1
Dependency-Check Build-Reporting/dependency-check-core,org.owasp.dependencycheck.dependency,EvidenceCollection.new Filter() {...},0,11,0,2,0,2,0,3,0,2
Dependency-Check Build-Reporting/dependency-check-core,org.owasp.dependencycheck.dependency,EvidenceCollection.new Filter() {...},0,11,0,2,0,2,0,3,0,2
Dependency-Check Build-Reporting/dependency-check-core,org.owasp.dependencycheck.dependency,EvidenceCollection.new Filter() {...},0,11,0,2,0,2,0,3,0,2
Dependency-Check Build-Reporting/dependency-check-core,org.owasp.dependencycheck.dependency,EvidenceCollection.new Filter() {...},0,11,0,2,0,2,0,3,0,2
Dependency-Check Build-Reporting/dependency-check-core,org.owasp.dependencycheck.dependency,EvidenceType,5,43,0,0,0,4,1,3,1,3
Dependency-Check Build-Reporting/dependency-check-core,org.owasp.dependencycheck.dependency,Evidence,102,112,24,6,30,16,22,8,7,8
Dependency-Check Build-Reporting/dependency-check-core,org.owasp.dependencycheck.dependency,EvidenceCollection,133,331,27,29,31,69,24,28,2,15
Dependency-Check Build-Reporting/dependency-check-core,org.owasp.dependencycheck.dependency,Dependency,130,646,15,35,30,143,26,59,11,49
Dependency-Check Build-Reporting/dependency-check-core,org.owasp.dependencycheck.dependency,Vulnerability.Source,9,29,0,0,0,3,2,2,2,2
Dependency-Check Build-Reporting/dependency-check-core,org.owasp.dependencycheck.dependency,VulnerableSoftware,90,411,16,64,23,91,19,44,5,18
Dependency-Check Build-Reporting/dependency-check-core,org.owasp.dependencycheck.dependency,Identifier,22,123,3,3,10,27,7,15,4,15
Dependency-Check Build-Reporting/dependency-check-core,org.owasp.dependencycheck.dependency,Confidence,0,58,0,0,0,5,0,4,0,4
Dependency-Check Build-Reporting/dependency-check-core,org.owasp.dependencycheck.data.composer,ComposerDependency,118,0,28,0,22,0,20,0,6,0
Dependency-Check Build-Reporting/dependency-check-core,org.owasp.dependencycheck.data.composer,ComposerException,12,0,0,0,6,0,3,0,3,0
Dependency-Check Build-Reporting/dependency-check-core,org.owasp.dependencycheck.data.composer,ComposerLockParser,170,0,14,0,38,0,11,0,4,0
Dependency-Check Build-Reporting/dependency-check-core,org.owasp.dependencycheck.data.lucene,AbstractTokenizingFilter,0,45,0,4,0,12,0,6,0,4
Dependency-Check Build-Reporting/dependency-check-core,org.owasp.dependencycheck.data.lucene,LuceneUtils,24,30,4,6,9,8,5,4,2,2
Dependency-Check Build-Reporting/dependency-check-core,org.owasp.dependencycheck.data.lucene,SearchFieldAnalyzer,0,116,0,0,0,16,0,4,0,4
Dependency-Check Build-Reporting/dependency-check-core,org.owasp.dependencycheck.data.lucene,UrlTokenizingFilter,47,40,6,4,11,10,4,4,0,3
Dependency-Check Build-Reporting/dependency-check-core,org.owasp.dependencycheck.data.lucene,AlphaNumericTokenizer,6,15,0,4,2,3,1,4,1,2
Dependency-Check Build-Reporting/dependency-check-core,org.owasp.dependencycheck.data.lucene,TokenPairConcatenatingFilter,106,95,28,8,15,25,16,7,2,3
Dependency-Check Build-Reporting/dependency-check-core,org.owasp.dependencycheck.data.lucene,DependencySimilarity,5,0,0,0,2,0,2,0,2,0
Dependency-Check Build-Reporting/dependency-check-core,org.owasp.dependencycheck.reporting,ReportGenerator.Format,0,78,0,0,0,7,0,4,0,4
Dependency-Check Build-Reporting/dependency-check-core,org.owasp.dependencycheck.reporting,EscapeTool,16,254,13,51,7,65,13,31,0,12
Dependency-Check Build-Reporting/dependency-check-core,org.owasp.dependencycheck.reporting,VelocityLoggerRedirect,47,21,10,2,20,10,10,6,1,5
Dependency-Check Build-Reporting/dependency-check-core,org.owasp.dependencycheck.reporting,ReportGenerator,324,568,54,63,35,133,42,34,0,13
Dependency-Check Build-Reporting/dependency-check-core,org.owasp.dependencycheck.reporting,ReportGenerator.new Object() {...},10,65,0,0,0,1,0,1,0,1
Dependency-Check Build-Reporting/dependency-check-core,org.owasp.dependencycheck.data.nexus,MavenArtifact,38,132,1,5,18,23,8,10,7,8
Dependency-Check Build-Reporting/dependency-check-core,org.owasp.dependencycheck.data.nexus,NexusSearch,232,0,19,0,54,0,14,0,4,0
Dependency-Check Build-Reporting/dependency-check-core,org.owasp.dependencycheck.xml.hints,HintHandler.ParentType,5,43,0,0,0,4,1,3,1,3
Dependency-Check Build-Reporting/dependency-check-core,org.owasp.dependencycheck.xml.hints,HintErrorHandler,17,7,0,0,4,2,3,2,3,2
Dependency-Check Build-Reporting/dependency-check-core,org.owasp.dependencycheck.xml.hints,HintRule,26,177,0,0,4,37,2,19,2,19
Dependency-Check Build-Reporting/dependency-check-core,org.owasp.dependencycheck.xml.hints,HintHandler.new Object() {...},3,23,0,0,0,1,0,1,0,1
Dependency-Check Build-Reporting/dependency-check-core,org.owasp.dependencycheck.xml.hints,HintParseException,16,0,0,0,8,0,4,0,4,0
Dependency-Check Build-Reporting/dependency-check-core,org.owasp.dependencycheck.xml.hints,EvidenceMatcher,54,80,3,15,7,14,9,11,6,5
Dependency-Check Build-Reporting/dependency-check-core,org.owasp.dependencycheck.xml.hints,VendorDuplicatingHintRule,8,15,0,0,4,6,2,3,2,3
Dependency-Check Build-Reporting/dependency-check-core,org.owasp.dependencycheck.xml.hints,HintParser,216,113,34,8,17,22,22,5,1,5
Dependency-Check Build-Reporting/dependency-check-core,org.owasp.dependencycheck.xml.hints,HintHandler,27,318,26,50,9,64,26,28,0,5
Dependency-Check Build-Reporting/dependency-check-core,org.owasp.dependencycheck.data.cwe,CweHandler,41,0,4,0,8,0,5,0,3,0
Dependency-Check Build-Reporting/dependency-check-core,org.owasp.dependencycheck.data.cwe,CweDB,84,45,13,5,10,9,10,3,1,3
Dependency-Check Build-Reporting/dependency-check-core,org.owasp.dependencycheck.data.update.cpe,CPEHandler,136,0,16,0,32,0,14,0,6,0
Dependency-Check Build-Reporting/dependency-check-core,org.owasp.dependencycheck.data.update.cpe,Cpe,75,0,2,0,19,0,9,0,8,0
Dependency-Check Build-Reporting/dependency-check-core,org.owasp.dependencycheck.data.update.cpe,CPEHandler.Element,73,0,0,0,17,0,15,0,15,0
Dependency-Check Build-Reporting/dependency-check-core,org.owasp.dependencycheck.data.update,EngineVersionCheck,97,212,26,16,25,52,23,6,3,5
Dependency-Check Build-Reporting/dependency-check-core,org.owasp.dependencycheck.data.update,NvdCveUpdater,213,643,23,57,57,143,19,34,0,13
Dependency-Check Build-Reporting/dependency-check-core,org.owasp.dependencycheck.data.update,NvdCveUpdater.TimestampRetriever,7,35,0,0,0,8,0,2,0,2
Dependency-Check Build-Reporting/dependency-check-core,org.owasp.dependencycheck.data.update,UpdateService,0,12,0,0,0,4,0,2,0,2
Dependency-Check Build-Reporting/dependency-check-core,org.owasp.dependencycheck.data.update,CpeUpdater,3,0,0,0,1,0,1,0,1,0
Dependency-Check Build-Reporting/dependency-check-core,org.owasp.dependencycheck.xml,XmlEntity,7,1547,2,2,4,260,3,2,1,2
Dependency-Check Build-Reporting/dependency-check-core,org.owasp.dependencycheck.xml,XmlInputStream,92,261,11,37,13,54,10,26,2,10
Dependency-Check Build-Reporting/dependency-check-core,org.owasp.dependencycheck.analyzer.exception,AnalysisException,11,5,0,0,6,2,3,1,3,1
Dependency-Check Build-Reporting/dependency-check-core,org.owasp.dependencycheck.analyzer.exception,ArchiveExtractionException,16,0,0,0,8,0,4,0,4,0
Dependency-Check Build-Reporting/dependency-check-ant,org.owasp.dependencycheck.ant.logging,AntLoggerAdapter,330,0,50,0,100,0,57,0,32,0
Dependency-Check Build-Reporting/dependency-check-ant,org.owasp.dependencycheck.ant.logging,AntLoggerFactory,12,0,0,0,4,0,2,0,2,0
Dependency-Check Build-Reporting/dependency-check-ant,org.slf4j.impl,StaticLoggerBinder,40,0,0,0,13,0,6,0,6,0
Dependency-Check Build-Reporting/dependency-check-ant,org.owasp.dependencycheck.taskdefs,Update,302,0,16,0,83,0,41,0,33,0
Dependency-Check Build-Reporting/dependency-check-ant,org.owasp.dependencycheck.taskdefs,Check.ReportFormats,35,0,2,0,7,0,3,0,2,0
Dependency-Check Build-Reporting/dependency-check-ant,org.owasp.dependencycheck.taskdefs,Purge,240,0,22,0,51,0,19,0,8,0
Dependency-Check Build-Reporting/dependency-check-ant,org.owasp.dependencycheck.taskdefs,Check,996,0,78,0,260,0,122,0,83,0
Dependency-Check Build-Reporting/dependency-check-ant,org.owasp.dependencycheck.taskdefs,SuppressionFile,10,0,0,0,4,0,3,0,3,0
Dependency-Check Build-Reporting/dependency-check-cli,org.owasp.dependencycheck,InvalidScanPathException,16,0,0,0,8,0,4,0,4,0
Dependency-Check Build-Reporting/dependency-check-cli,org.owasp.dependencycheck,CliParser.ARGUMENT,3,0,0,0,1,0,1,0,1,0
Dependency-Check Build-Reporting/dependency-check-cli,org.owasp.dependencycheck,App,1377,0,138,0,316,0,83,0,14,0
Dependency-Check Build-Reporting/dependency-check-cli,org.owasp.dependencycheck,CliParser,1632,0,144,0,256,0,144,0,72,0
Dependency-Check Build-Reporting/dependency-check-maven,org.owasp.dependencycheck.maven,UpdateMojo,83,19,12,2,15,6,11,2,4,2
Dependency-Check Build-Reporting/dependency-check-maven,org.owasp.dependencycheck.maven,CheckMojo,1,44,2,2,1,12,2,5,0,5
Dependency-Check Build-Reporting/dependency-check-maven,org.owasp.dependencycheck.maven,PurgeMojo,91,36,13,3,23,10,12,2,4,2
Dependency-Check Build-Reporting/dependency-check-maven,org.owasp.dependencycheck.maven,BaseDependencyCheckMojo,804,1196,139,85,140,249,98,51,4,33
Dependency-Check Build-Reporting/dependency-check-maven,org.owasp.dependencycheck.maven,ArtifactScopeExcluded,23,42,14,8,4,13,10,3,0,2
Dependency-Check Build-Reporting/dependency-check-maven,org.owasp.dependencycheck.maven,HelpMojo,909,0,112,0,158,0,72,0,16,0
Dependency-Check Build-Reporting/dependency-check-maven,org.owasp.dependencycheck.maven,AggregateMojo,273,118,56,12,50,21,37,4,4,3
Dependency-Check Build-Reporting/dependency-check-maven,org.owasp.dependencycheck.maven,ArtifactTypeExcluded,10,12,5,1,0,4,3,2,0,2
